<?xml version="1.0" encoding="utf-8"?><testsuites><testsuite errors="0" failures="0" hostname="kali" name="pytest" skipped="0" tests="5" time="3.565" timestamp="2021-06-21T14:04:19.733765"><testcase classname="tests.test_dope" file="tests/test_dope.py" line="14" name="test_and" time="0.001"></testcase><testcase classname="tests.test_dope" file="tests/test_dope.py" line="18" name="test_xor" time="0.001"></testcase><testcase classname="tests.test_dope" file="tests/test_dope.py" line="22" name="test_dope" time="0.642"></testcase><testcase classname="tests.test_dope" file="tests/test_dope.py" line="35" name="test_dope2" time="0.004"></testcase><testcase classname="tests.test_dope" file="tests/test_dope.py" line="54" name="test_aes_siv" time="0.637"></testcase></testsuite></testsuites>